<?xml version="1.0" encoding="UTF-8"?>
<!-- Generated by org.testng.reporters.JUnitXMLReporter -->
<testsuite ignored="0" hostname="DESKTOP-TE8S2PR" failures="0" tests="1" name="Test2" time="0.03" errors="0" timestamp="2022-04-08T10:19:11 IST">
  <testcase classname="testngWithPOMclassUsingBasenUtility.ValidateUser" name="@BeforeClass launchBrowser" time="-1.649393351376E9">
    <failure type="org.testng.TestNGException" message="
Can inject only one of &amp;lt;ITestContext, XmlTest&amp;gt; into a @BeforeClass annotated launchBrowser.
For more information on native dependency injection please refer to https://testng.org/doc/documentation-main.html#native-dependency-injection">
      <![CDATA[org.testng.TestNGException: 
Can inject only one of <ITestContext, XmlTest> into a @BeforeClass annotated launchBrowser.
For more information on native dependency injection please refer to https://testng.org/doc/documentation-main.html#native-dependency-injection
at java.base/java.util.ArrayList.forEach(ArrayList.java:1541)
... Removed 22 stack frames]]>
    </failure>
  </testcase> <!-- @BeforeClass launchBrowser -->
  <testcase classname="testngWithPOMclassUsingBasenUtility.ValidateUser" name="@BeforeMethod loginKite" time="-1.649393351383E9">
    <skipped/>
  </testcase> <!-- @BeforeMethod loginKite -->
  <testcase classname="testngWithPOMclassUsingBasenUtility.ValidateUser" name="@AfterMethod loggingout" time="-1.649393351394E9">
    <skipped/>
  </testcase> <!-- @AfterMethod loggingout -->
  <testcase classname="testngWithPOMclassUsingBasenUtility.ValidateUser" name="@AfterClass closingBrowser" time="-1.649393351399E9">
    <skipped/>
  </testcase> <!-- @AfterClass closingBrowser -->
  <testcase classname="testngWithPOMclassUsingBasenUtility.ValidateUser" name="validatingUser" time="0.0">
    <skipped/>
  </testcase> <!-- validatingUser -->
</testsuite> <!-- Test2 -->
