<?xml version="1.0" encoding="UTF-8"?>
<!-- Generated by org.testng.reporters.JUnitXMLReporter -->
<testsuite ignored="4" hostname="DESKTOP-TE8S2PR" failures="0" tests="2" name="Test" time="0.081" errors="0" timestamp="2022-03-22T14:52:00 IST">
  <testcase classname="testNG_study.Include_Exclude" name="a" time="0.009"/>
  <testcase classname="testNG_study.Include_Exclude" name="d" time="0.0"/>
  <testcase classname="testNG_study.Include_Exclude" name="b" time="0.0">
    <ignored/>
  </testcase> <!-- b -->
  <testcase classname="testNG_study.Include_Exclude" name="c" time="0.0">
    <ignored/>
  </testcase> <!-- c -->
  <testcase classname="testNG_study.Include_Exclude" name="f" time="0.0">
    <ignored/>
  </testcase> <!-- f -->
  <testcase classname="testNG_study.Include_Exclude" name="e" time="0.0">
    <ignored/>
  </testcase> <!-- e -->
</testsuite> <!-- Test -->
